 Reading scattering information from venus.sca                                                                                           
Output from NEMESIS mod_scatte
 nmu =   5
  0.16527895766638701       0.32753976118389799     
  0.47792494981044398       0.29204268367968400     
  0.73877386510550502       0.22488934206311700     
  0.91953390816645897       0.13330599085106901     
   1.0000000000000000        2.2222222222222199E-002
 isol =            0
 dist =   0.740000010    
 lowbc =            1
 galb =   0.15000000599999999     
 sol_ang, emiss_ang =    23.1399994       0.00000000    
 aphi =    0.00000000    
 nf =            0
 ncont =            4
 liscat(i) =            4
 lnorm(i) =            1
 scatfile = PHASE1.DAT                    
 liscat(i) =            4
 lnorm(i) =            1
 scatfile = PHASE2.DAT                    
 liscat(i) =            4
 lnorm(i) =            1
 scatfile = PHASE3.DAT                    
 liscat(i) =            4
 lnorm(i) =            1
 scatfile = PHASE4.DAT                    
